Unity Editor version:    2020.3.26f1 (7298b473bc1a)
Branch:                  2020.3/staging
Build type:              Release
Batch mode:              YES
macOS version:           Version 12.0.1 (Build 21A559)
Darwin version:          21.1.0
Architecture:            x86_64
Running under Rosetta:   NO
Available memory:        16384 MB
Using pre-set license
Pro License: NO

COMMAND LINE ARGUMENTS:
/Applications/Unity/Hub/Editor/2020.3.26f1/Unity.app/Contents/MacOS/Unity
-adb2
-batchMode
-noUpm
-name
AssetImportWorker0
-projectPath
/Users/chrisfu/Documents/GitHub/Project-Conflict
-logFile
Logs/AssetImportWorker0.log
-srvPort
58790
Successfully changed project path to: /Users/chrisfu/Documents/GitHub/Project-Conflict
/Users/chrisfu/Documents/GitHub/Project-Conflict
Using Asset Import Pipeline V2.
Refreshing native plugins compatible for Editor in 48.38 ms, found 2 plugins.
Preloading 0 native plugins for Editor in 0.00 ms.
Initialize engine version: 2020.3.26f1 (7298b473bc1a)
[Subsystems] Discovering subsystems at path /Applications/Unity/Hub/Editor/2020.3.26f1/Unity.app/Contents/Resources/UnitySubsystems
[Subsystems] Discovering subsystems at path /Users/chrisfu/Documents/GitHub/Project-Conflict/Assets
GfxDevice: creating device client; threaded=0
2022-03-24 11:51:33.947 Unity[90947:4217068] Color LCD preferred device: Intel(R) UHD Graphics 630 (low power)
2022-03-24 11:51:33.947 Unity[90947:4217068] Metal devices available: 2
2022-03-24 11:51:33.947 Unity[90947:4217068] 0: AMD Radeon Pro 5500M (high power)
2022-03-24 11:51:33.947 Unity[90947:4217068] 1: Intel(R) UHD Graphics 630 (low power)
2022-03-24 11:51:33.948 Unity[90947:4217068] Using device AMD Radeon Pro 5500M (high power)
Initializing Metal device caps: AMD Radeon Pro 5500M
Initialize mono
Mono path[0] = '/Applications/Unity/Hub/Editor/2020.3.26f1/Unity.app/Contents/Managed'
Mono path[1] = '/Applications/Unity/Hub/Editor/2020.3.26f1/Unity.app/Contents/MonoBleedingEdge/lib/mono/unityjit'
Mono config path = '/Applications/Unity/Hub/Editor/2020.3.26f1/Unity.app/Contents/MonoBleedingEdge/etc'
Using monoOptions --debugger-agent=transport=dt_socket,embedding=1,server=y,suspend=n,address=127.0.0.1:56947
Begin MonoManager ReloadAssembly
Registering precompiled unity dll's ...
Register platform support module: /Applications/Unity/Hub/Editor/2020.3.26f1/PlaybackEngines/WebGLSupport/UnityEditor.WebGL.Extensions.dll
Register platform support module: /Applications/Unity/Hub/Editor/2020.3.26f1/Unity.app/Contents/PlaybackEngines/MacStandaloneSupport/UnityEditor.OSXStandalone.Extensions.dll
Registered in 0.000619 seconds.
Native extension for OSXStandalone target not found
Native extension for WebGL target not found
Refreshing native plugins compatible for Editor in 47.73 ms, found 2 plugins.
Preloading 0 native plugins for Editor in 0.00 ms.
Mono: successfully reloaded assembly
- Completed reload, in  0.652 seconds
Domain Reload Profiling:
	ReloadAssembly (654ms)
		BeginReloadAssembly (46ms)
			ExecutionOrderSort (0ms)
			DisableScriptedObjects (0ms)
			BackupInstance (0ms)
			ReleaseScriptingObjects (0ms)
			CreateAndSetChildDomain (1ms)
		EndReloadAssembly (526ms)
			LoadAssemblies (43ms)
			RebuildTransferFunctionScriptingTraits (0ms)
			SetupTypeCache (184ms)
			ReleaseScriptCaches (0ms)
			RebuildScriptCaches (36ms)
			SetupLoadedEditorAssemblies (217ms)
				LogAssemblyErrors (0ms)
				InitializePlatformSupportModulesInManaged (5ms)
				SetLoadedEditorAssemblies (0ms)
				RefreshPlugins (48ms)
				BeforeProcessingInitializeOnLoad (10ms)
				ProcessInitializeOnLoadAttributes (121ms)
				ProcessInitializeOnLoadMethodAttributes (33ms)
				AfterProcessingInitializeOnLoad (0ms)
				EditorAssembliesLoaded (0ms)
			ExecutionOrderSort2 (0ms)
			AwakeInstancesAfterBackupRestoration (0ms)
Platform modules already initialized, skipping
Registering precompiled user dll's ...
Registered in 0.003552 seconds.
Begin MonoManager ReloadAssembly
Native extension for OSXStandalone target not found
Native extension for WebGL target not found
Refreshing native plugins compatible for Editor in 48.32 ms, found 2 plugins.
Preloading 0 native plugins for Editor in 0.00 ms.
Mono: successfully reloaded assembly
- Completed reload, in  1.253 seconds
Domain Reload Profiling:
	ReloadAssembly (1253ms)
		BeginReloadAssembly (179ms)
			ExecutionOrderSort (0ms)
			DisableScriptedObjects (7ms)
			BackupInstance (0ms)
			ReleaseScriptingObjects (0ms)
			CreateAndSetChildDomain (31ms)
		EndReloadAssembly (1005ms)
			LoadAssemblies (86ms)
			RebuildTransferFunctionScriptingTraits (0ms)
			SetupTypeCache (363ms)
			ReleaseScriptCaches (0ms)
			RebuildScriptCaches (54ms)
			SetupLoadedEditorAssemblies (383ms)
				LogAssemblyErrors (0ms)
				InitializePlatformSupportModulesInManaged (6ms)
				SetLoadedEditorAssemblies (0ms)
				RefreshPlugins (48ms)
				BeforeProcessingInitializeOnLoad (52ms)
				ProcessInitializeOnLoadAttributes (260ms)
				ProcessInitializeOnLoadMethodAttributes (14ms)
				AfterProcessingInitializeOnLoad (2ms)
				EditorAssembliesLoaded (0ms)
			ExecutionOrderSort2 (0ms)
			AwakeInstancesAfterBackupRestoration (6ms)
Platform modules already initialized, skipping
Validating Project structure ... 0.008809 seconds.
Shader import version has changed; will reimport all shaders...
Upgrading shader files ...0.020802 seconds.
Application.AssetDatabase Initial Script Refresh Start
RefreshInfo: InitialScriptRefreshV2(NoUpdateAssetOptions) scanfilter:  ... 1 filters
RefreshProfiler: Total: 0.000ms
Application.AssetDatabase Initial Script Refresh End
Application.AssetDatabase.Refresh Start
Application.AssetDatabase.Refresh End
RefreshInfo: StopAssetImportingV2(ForceSynchronousImport) scanfilter: 
RefreshProfiler: Total: 0.000ms
Launching external process: /Applications/Unity/Hub/Editor/2020.3.26f1/Unity.app/Contents/Tools/UnityShaderCompiler
Launched and connected shader compiler UnityShaderCompiler after 0.01 seconds
Initializing Unity extensions:
2022-03-24 11:51:37.190 Unity[90947:4217068] NSEventModifierFlagFunction specified to -setKeyEquivalentModifierMask: for item <NSMenuItem: 0x6000019545b0 Font Asset, ke='Command-F12'>, but is only supported for system-provided menu items; will not be used
2022-03-24 11:51:37.194 Unity[90947:4217068] NSEventModifierFlagFunction specified to -setKeyEquivalentModifierMask: for item <NSMenuItem: 0x6000019a7f70 Font Asset, ke='Command-F12'>, but is only supported for system-provided menu items; will not be used
========================================================================
Worker process is ready to serve import requests
Refreshing native plugins compatible for Editor in 0.50 ms, found 2 plugins.
Preloading 0 native plugins for Editor in 0.00 ms.
Unloading 2099 Unused Serialized files (Serialized files now loaded: 0)
System memory in use before: 223.0 MB.
System memory in use after: 222.2 MB.

Unloading 155 unused Assets to reduce memory usage. Loaded Objects now: 2573.
Total: 3.625683 ms (FindLiveObjects: 0.179308 ms CreateObjectMapping: 0.083651 ms MarkObjects: 2.794581 ms  DeleteObjects: 0.567446 ms)

AssetImportParameters requested are different than current active one (requested -> active):
  custom:video-decoder-ogg-theora: a1e56fd34408186e4bbccfd4996cb3dc -> 
  custom:container-muxer-webm: aa71ff27fc2769a1b78a27578f13a17b -> 
  custom:container-demuxer-webm: 4f35f7cbe854078d1ac9338744f61a02 -> 
  custom:container-demuxer-ogg: 62fdf1f143b41e24485cea50d1cbac27 -> 
  custom:video-encoder-webm-vp8: eb34c28f22e8b96e1ab97ce403110664 -> 
  custom:framework-osx-AVFoundation: e770b220cccbd017edd2c1fefb359320 -> 
  custom:video-decoder-webm-vp8: 9c59270c3fd7afecdb556c50c9e8de78 -> 
  custom:audio-decoder-ogg-vorbis: bf7c407c2cedff20999df2af8eb42d56 -> 
  custom:audio-encoder-webm-vorbis: bf7c407c2cedff20999df2af8eb42d56 -> 
========================================================================
Received Import Request.
  path: Assets/ProjectConflictControls.inputactions
  artifactKey: Guid(4f74a5501e3e71b46a25e168adb5e2e7) Importer(815301076,1909f56bfc062723c751e8b465ee728b)
Start importing Assets/ProjectConflictControls.inputactions using Guid(4f74a5501e3e71b46a25e168adb5e2e7) Importer(815301076,1909f56bfc062723c751e8b465ee728b)  -> (artifact id: 'fbe18773c2ab7c54d9c2b4e29c89c525') in 0.903897 seconds 
  Import took 0.909711 seconds .

========================================================================
Received Import Request.
  Time since last request: 10.172637 seconds.
  path: Assets/Assets/Art/hazard_ketchup.asset
  artifactKey: Guid(e89e0f5e4d0e7514bbf0282aa3fac725) Importer(815301076,1909f56bfc062723c751e8b465ee728b)
Start importing Assets/Assets/Art/hazard_ketchup.asset using Guid(e89e0f5e4d0e7514bbf0282aa3fac725) Importer(815301076,1909f56bfc062723c751e8b465ee728b)  -> (artifact id: 'a6287bfd0b9bb69660bf91db2eee781f') in 0.121204 seconds 
  Import took 0.127262 seconds .

========================================================================
Received Import Request.
  Time since last request: 0.000269 seconds.
  path: Assets/Assets/Art/hazard_mustard.png
  artifactKey: Guid(a75bf5d579a0a2f40b83f018c5ca64a5) Importer(815301076,1909f56bfc062723c751e8b465ee728b)
Start importing Assets/Assets/Art/hazard_mustard.png using Guid(a75bf5d579a0a2f40b83f018c5ca64a5) Importer(815301076,1909f56bfc062723c751e8b465ee728b)  -> (artifact id: 'f8dea29da9204443efc8fc8de7997339') in 0.692590 seconds 
  Import took 0.698785 seconds .

========================================================================
Received Import Request.
  Time since last request: 0.000203 seconds.
  path: Assets/Assets/Art/hazard_mustard.asset
  artifactKey: Guid(df7bbf0f77f4794489b3f06c36264cbf) Importer(815301076,1909f56bfc062723c751e8b465ee728b)
Start importing Assets/Assets/Art/hazard_mustard.asset using Guid(df7bbf0f77f4794489b3f06c36264cbf) Importer(815301076,1909f56bfc062723c751e8b465ee728b)  -> (artifact id: '71a5d78c03d1768ba795559e46418af9') in 0.008183 seconds 
  Import took 0.011165 seconds .

========================================================================
Received Import Request.
  Time since last request: 0.000186 seconds.
  path: Assets/Assets/Art/hazard_ketchup.png
  artifactKey: Guid(adfa44ab22fe0eb418f57018126d82f4) Importer(815301076,1909f56bfc062723c751e8b465ee728b)
Start importing Assets/Assets/Art/hazard_ketchup.png using Guid(adfa44ab22fe0eb418f57018126d82f4) Importer(815301076,1909f56bfc062723c751e8b465ee728b)  -> (artifact id: 'e61ca6fe6297fe6d9b1da735a8944d43') in 0.016828 seconds 
  Import took 0.019989 seconds .

========================================================================
Received Import Request.
  Time since last request: 3.403569 seconds.
  path: Assets/Assets/Palettes/apartment1_red_0.asset
  artifactKey: Guid(cea3a427b2960d044865a9837698e6ed) Importer(815301076,1909f56bfc062723c751e8b465ee728b)
Start importing Assets/Assets/Palettes/apartment1_red_0.asset using Guid(cea3a427b2960d044865a9837698e6ed) Importer(815301076,1909f56bfc062723c751e8b465ee728b)  -> (artifact id: '84f7981cc6b4a4890c39f0f7dff9502a') in 0.011168 seconds 
  Import took 0.014300 seconds .

========================================================================
Received Import Request.
  Time since last request: 0.000223 seconds.
  path: Assets/Assets/Palettes/apartment1_red_41.asset
  artifactKey: Guid(d5f9509ac8c56114790731064e899887) Importer(815301076,1909f56bfc062723c751e8b465ee728b)
Start importing Assets/Assets/Palettes/apartment1_red_41.asset using Guid(d5f9509ac8c56114790731064e899887) Importer(815301076,1909f56bfc062723c751e8b465ee728b)  -> (artifact id: '64b4a9a36f8a6d208d9751392810a8eb') in 0.014113 seconds 
  Import took 0.017813 seconds .

========================================================================
Received Import Request.
  Time since last request: 0.000217 seconds.
  path: Assets/Assets/Palettes/apartment1_red_1.asset
  artifactKey: Guid(5b207281a41cf014691e1d4257e9d284) Importer(815301076,1909f56bfc062723c751e8b465ee728b)
Start importing Assets/Assets/Palettes/apartment1_red_1.asset using Guid(5b207281a41cf014691e1d4257e9d284) Importer(815301076,1909f56bfc062723c751e8b465ee728b)  -> (artifact id: '47f6d505f740c9147b2aab3d80aa68bc') in 0.014860 seconds 
  Import took 0.018070 seconds .

========================================================================
Received Import Request.
  Time since last request: 0.000220 seconds.
  path: Assets/Assets/Palettes/apartment1_red_11.asset
  artifactKey: Guid(e1bb7df6096d09746980c5a04a782aad) Importer(815301076,1909f56bfc062723c751e8b465ee728b)
Start importing Assets/Assets/Palettes/apartment1_red_11.asset using Guid(e1bb7df6096d09746980c5a04a782aad) Importer(815301076,1909f56bfc062723c751e8b465ee728b)  -> (artifact id: 'a2eadcff5fd19ace9ac549eda046a9e6') in 0.008561 seconds 
  Import took 0.012669 seconds .

========================================================================
Received Import Request.
  Time since last request: 0.000277 seconds.
  path: Assets/Assets/Palettes/apartment1_red_39.asset
  artifactKey: Guid(af76cd272d0ede24da87a9d2f76e9512) Importer(815301076,1909f56bfc062723c751e8b465ee728b)
Start importing Assets/Assets/Palettes/apartment1_red_39.asset using Guid(af76cd272d0ede24da87a9d2f76e9512) Importer(815301076,1909f56bfc062723c751e8b465ee728b)  -> (artifact id: 'a43c78353bad2ac7bda8d03fd707980a') in 0.010170 seconds 
  Import took 0.014154 seconds .

========================================================================
Received Import Request.
  Time since last request: 0.000273 seconds.
  path: Assets/Assets/Palettes/apartment1_red_22.asset
  artifactKey: Guid(9b7c87777b21b2240b8f76cec0060318) Importer(815301076,1909f56bfc062723c751e8b465ee728b)
Start importing Assets/Assets/Palettes/apartment1_red_22.asset using Guid(9b7c87777b21b2240b8f76cec0060318) Importer(815301076,1909f56bfc062723c751e8b465ee728b)  -> (artifact id: '5ac04473e9b5ab907146a2edd3df619f') in 0.011556 seconds 
  Import took 0.015823 seconds .

========================================================================
Received Import Request.
  Time since last request: 0.000241 seconds.
  path: Assets/Assets/Palettes/apartment1_red_50.asset
  artifactKey: Guid(3fdaf3a7a921136408bdbd4817b6ad7a) Importer(815301076,1909f56bfc062723c751e8b465ee728b)
Start importing Assets/Assets/Palettes/apartment1_red_50.asset using Guid(3fdaf3a7a921136408bdbd4817b6ad7a) Importer(815301076,1909f56bfc062723c751e8b465ee728b)  -> (artifact id: '1829b6e6de4e517e561bdacbd780e477') in 0.007825 seconds 
  Import took 0.010782 seconds .

========================================================================
Received Import Request.
  Time since last request: 0.000245 seconds.
  path: Assets/Assets/Palettes/apartment1_red_20.asset
  artifactKey: Guid(b414a6d45dae99a46b5a3cc794245cf9) Importer(815301076,1909f56bfc062723c751e8b465ee728b)
Start importing Assets/Assets/Palettes/apartment1_red_20.asset using Guid(b414a6d45dae99a46b5a3cc794245cf9) Importer(815301076,1909f56bfc062723c751e8b465ee728b)  -> (artifact id: 'bf674d41494b533b0f286b3050c39c48') in 0.008383 seconds 
  Import took 0.011062 seconds .

========================================================================
Received Import Request.
  Time since last request: 0.000231 seconds.
  path: Assets/Assets/Palettes/apartment1_red_3.asset
  artifactKey: Guid(485541ec546f00043bc887913ae8beed) Importer(815301076,1909f56bfc062723c751e8b465ee728b)
Start importing Assets/Assets/Palettes/apartment1_red_3.asset using Guid(485541ec546f00043bc887913ae8beed) Importer(815301076,1909f56bfc062723c751e8b465ee728b)  -> (artifact id: '5cb602649b8c2c399c849af9523a1b3a') in 0.011182 seconds 
  Import took 0.014356 seconds .

========================================================================
Received Import Request.
  Time since last request: 0.000229 seconds.
  path: Assets/Assets/Palettes/apartment1_red_36.asset
  artifactKey: Guid(f5af0db5a4c62fa4baf89df340515879) Importer(815301076,1909f56bfc062723c751e8b465ee728b)
Start importing Assets/Assets/Palettes/apartment1_red_36.asset using Guid(f5af0db5a4c62fa4baf89df340515879) Importer(815301076,1909f56bfc062723c751e8b465ee728b)  -> (artifact id: '2043143bb7d1ff37da6d30f15601e42e') in 0.009269 seconds 
  Import took 0.012681 seconds .

========================================================================
Received Import Request.
  Time since last request: 0.000203 seconds.
  path: Assets/Assets/Palettes/apartment1_red_37.asset
  artifactKey: Guid(be76576e372e90747a49c98485b5f836) Importer(815301076,1909f56bfc062723c751e8b465ee728b)
Start importing Assets/Assets/Palettes/apartment1_red_37.asset using Guid(be76576e372e90747a49c98485b5f836) Importer(815301076,1909f56bfc062723c751e8b465ee728b)  -> (artifact id: 'c3eac7e4d438a98678f2854efcb65fac') in 0.008785 seconds 
  Import took 0.011553 seconds .

========================================================================
Received Import Request.
  Time since last request: 0.000186 seconds.
  path: Assets/Assets/Palettes/apartment1_red_12.asset
  artifactKey: Guid(70446d4332acb2e4aac5ce8b0ca37f48) Importer(815301076,1909f56bfc062723c751e8b465ee728b)
Start importing Assets/Assets/Palettes/apartment1_red_12.asset using Guid(70446d4332acb2e4aac5ce8b0ca37f48) Importer(815301076,1909f56bfc062723c751e8b465ee728b)  -> (artifact id: 'f0ea205fde714c65f4a2963c0e719be9') in 0.008919 seconds 
  Import took 0.011705 seconds .

========================================================================
Received Import Request.
  Time since last request: 0.000176 seconds.
  path: Assets/Assets/Palettes/apartment1_red_24.asset
  artifactKey: Guid(005fb4e4327f00840b95810dd3d8dcf5) Importer(815301076,1909f56bfc062723c751e8b465ee728b)
Start importing Assets/Assets/Palettes/apartment1_red_24.asset using Guid(005fb4e4327f00840b95810dd3d8dcf5) Importer(815301076,1909f56bfc062723c751e8b465ee728b)  -> (artifact id: '8ac7ebf8732d285ce26445ee18485cb4') in 0.013907 seconds 
  Import took 0.016793 seconds .

========================================================================
Received Import Request.
  Time since last request: 0.000258 seconds.
  path: Assets/Assets/Palettes/apartment1_red_18.asset
  artifactKey: Guid(9f658a8d07a079046824413f6f82fa92) Importer(815301076,1909f56bfc062723c751e8b465ee728b)
Start importing Assets/Assets/Palettes/apartment1_red_18.asset using Guid(9f658a8d07a079046824413f6f82fa92) Importer(815301076,1909f56bfc062723c751e8b465ee728b)  -> (artifact id: 'df6813ec1593c6b55d1ab68ef459f5cd') in 0.010206 seconds 
  Import took 0.013506 seconds .

========================================================================
Received Import Request.
  Time since last request: 0.000265 seconds.
  path: Assets/Assets/Palettes/apartment1_red_45.asset
  artifactKey: Guid(b0f74eaf3d06b7444874020ef38a70d4) Importer(815301076,1909f56bfc062723c751e8b465ee728b)
Start importing Assets/Assets/Palettes/apartment1_red_45.asset using Guid(b0f74eaf3d06b7444874020ef38a70d4) Importer(815301076,1909f56bfc062723c751e8b465ee728b)  -> (artifact id: 'c5fb55806d0bcf2f04b9690ad485b016') in 0.010506 seconds 
  Import took 0.013546 seconds .

========================================================================
Received Import Request.
  Time since last request: 0.000298 seconds.
  path: Assets/Assets/Palettes/apartment1_red_31.asset
  artifactKey: Guid(cda72927a7716d243959f58460ce9985) Importer(815301076,1909f56bfc062723c751e8b465ee728b)
Start importing Assets/Assets/Palettes/apartment1_red_31.asset using Guid(cda72927a7716d243959f58460ce9985) Importer(815301076,1909f56bfc062723c751e8b465ee728b)  -> (artifact id: '9042c06a3b2ac9482c1b4e87e2e098f1') in 0.009810 seconds 
  Import took 0.014397 seconds .

========================================================================
Received Import Request.
  Time since last request: 0.000476 seconds.
  path: Assets/Assets/Palettes/apartment1_red_26.asset
  artifactKey: Guid(02d70e14d158ac046a3b7edfd882c64d) Importer(815301076,1909f56bfc062723c751e8b465ee728b)
Start importing Assets/Assets/Palettes/apartment1_red_26.asset using Guid(02d70e14d158ac046a3b7edfd882c64d) Importer(815301076,1909f56bfc062723c751e8b465ee728b)  -> (artifact id: '8e7508c07f512f61f95b4641108219a7') in 0.011234 seconds 
  Import took 0.017211 seconds .

========================================================================
Received Import Request.
  Time since last request: 0.000228 seconds.
  path: Assets/Assets/Palettes/apartment1_red_25.asset
  artifactKey: Guid(b354f716b73c8eb4a9260ae55ea1296b) Importer(815301076,1909f56bfc062723c751e8b465ee728b)
Start importing Assets/Assets/Palettes/apartment1_red_25.asset using Guid(b354f716b73c8eb4a9260ae55ea1296b) Importer(815301076,1909f56bfc062723c751e8b465ee728b)  -> (artifact id: 'ad50b36c264ecfa42d744a010bf78948') in 0.007858 seconds 
  Import took 0.010691 seconds .

========================================================================
Received Import Request.
  Time since last request: 0.000219 seconds.
  path: Assets/Assets/Palettes/apartment1_red_7.asset
  artifactKey: Guid(0578d34dd1190dc43bec82c80ad2b09f) Importer(815301076,1909f56bfc062723c751e8b465ee728b)
Start importing Assets/Assets/Palettes/apartment1_red_7.asset using Guid(0578d34dd1190dc43bec82c80ad2b09f) Importer(815301076,1909f56bfc062723c751e8b465ee728b)  -> (artifact id: 'b3391e5374a48c943e9365e0e2bb9b2b') in 0.010149 seconds 
  Import took 0.013354 seconds .

========================================================================
Received Import Request.
  Time since last request: 0.000315 seconds.
  path: Assets/Assets/Palettes/apartment1_red_8.asset
  artifactKey: Guid(6a3fdfb570680f5459556abfdde0ef08) Importer(815301076,1909f56bfc062723c751e8b465ee728b)
Start importing Assets/Assets/Palettes/apartment1_red_8.asset using Guid(6a3fdfb570680f5459556abfdde0ef08) Importer(815301076,1909f56bfc062723c751e8b465ee728b)  -> (artifact id: '3283f5b30779f0bc21177687675ddd91') in 0.016312 seconds 
  Import took 0.021775 seconds .

========================================================================
Received Import Request.
  Time since last request: 0.000486 seconds.
  path: Assets/Assets/Palettes/apartment1_red_32.asset
  artifactKey: Guid(7d29259c040af7b47899934d9123e9be) Importer(815301076,1909f56bfc062723c751e8b465ee728b)
Start importing Assets/Assets/Palettes/apartment1_red_32.asset using Guid(7d29259c040af7b47899934d9123e9be) Importer(815301076,1909f56bfc062723c751e8b465ee728b)  -> (artifact id: 'e546347eab74ff46e661b2f73d9a83a1') in 0.011232 seconds 
  Import took 0.016006 seconds .

========================================================================
Received Import Request.
  Time since last request: 0.000391 seconds.
  path: Assets/Assets/Palettes/apartment1_red_48.asset
  artifactKey: Guid(38ef02c314d91bb448bb8e66fb467ad1) Importer(815301076,1909f56bfc062723c751e8b465ee728b)
Start importing Assets/Assets/Palettes/apartment1_red_48.asset using Guid(38ef02c314d91bb448bb8e66fb467ad1) Importer(815301076,1909f56bfc062723c751e8b465ee728b)  -> (artifact id: '99e44b8729458d068929d7845b8be67a') in 0.020251 seconds 
  Import took 0.030051 seconds .

========================================================================
Received Import Request.
  Time since last request: 0.000447 seconds.
  path: Assets/Assets/Palettes/apartment1_red_49.asset
  artifactKey: Guid(566656337451b3343a8e6c5050de3437) Importer(815301076,1909f56bfc062723c751e8b465ee728b)
Start importing Assets/Assets/Palettes/apartment1_red_49.asset using Guid(566656337451b3343a8e6c5050de3437) Importer(815301076,1909f56bfc062723c751e8b465ee728b)  -> (artifact id: '590acbf2cef7e6a33b6df53ee12e560e') in 0.012909 seconds 
  Import took 0.018116 seconds .

========================================================================
Received Import Request.
  Time since last request: 0.000296 seconds.
  path: Assets/Assets/Palettes/apartment1_red_13.asset
  artifactKey: Guid(ab64ec212892c13419ba6f3af7e9e97b) Importer(815301076,1909f56bfc062723c751e8b465ee728b)
Start importing Assets/Assets/Palettes/apartment1_red_13.asset using Guid(ab64ec212892c13419ba6f3af7e9e97b) Importer(815301076,1909f56bfc062723c751e8b465ee728b)  -> (artifact id: '39cc38c1c26d4b8e6d08a9e92ed214d8') in 0.016811 seconds 
  Import took 0.022403 seconds .

========================================================================
Received Import Request.
  Time since last request: 0.000358 seconds.
  path: Assets/Assets/Palettes/apartment1_red_17.asset
  artifactKey: Guid(fe5dc5abf8fdbbf42975a6ced3ffe914) Importer(815301076,1909f56bfc062723c751e8b465ee728b)
Start importing Assets/Assets/Palettes/apartment1_red_17.asset using Guid(fe5dc5abf8fdbbf42975a6ced3ffe914) Importer(815301076,1909f56bfc062723c751e8b465ee728b)  -> (artifact id: 'e30e998c7dd23dcd1a62461b166aa78a') in 0.012418 seconds 
  Import took 0.017846 seconds .

========================================================================
Received Import Request.
  Time since last request: 0.000281 seconds.
  path: Assets/Assets/Palettes/apartment1_red_5.asset
  artifactKey: Guid(432ad3eb896f7fc468c8fee08c4a2d1e) Importer(815301076,1909f56bfc062723c751e8b465ee728b)
Start importing Assets/Assets/Palettes/apartment1_red_5.asset using Guid(432ad3eb896f7fc468c8fee08c4a2d1e) Importer(815301076,1909f56bfc062723c751e8b465ee728b)  -> (artifact id: '00e3041322a0f3026f4e12104a7f9c95') in 0.009914 seconds 
  Import took 0.013575 seconds .

========================================================================
Received Import Request.
  Time since last request: 0.000241 seconds.
  path: Assets/Assets/Palettes/apartment1_red_23.asset
  artifactKey: Guid(cd7cfb59cdf55e34a8f43f77294837d9) Importer(815301076,1909f56bfc062723c751e8b465ee728b)
Start importing Assets/Assets/Palettes/apartment1_red_23.asset using Guid(cd7cfb59cdf55e34a8f43f77294837d9) Importer(815301076,1909f56bfc062723c751e8b465ee728b)  -> (artifact id: 'b0cbf0d79522931e91b5f41b2167b380') in 0.010164 seconds 
  Import took 0.014290 seconds .

========================================================================
Received Import Request.
  Time since last request: 0.000301 seconds.
  path: Assets/Assets/Palettes/apartment1_red_44.asset
  artifactKey: Guid(f7b638b068bbfb04eb5d09dca70bdb27) Importer(815301076,1909f56bfc062723c751e8b465ee728b)
Start importing Assets/Assets/Palettes/apartment1_red_44.asset using Guid(f7b638b068bbfb04eb5d09dca70bdb27) Importer(815301076,1909f56bfc062723c751e8b465ee728b)  -> (artifact id: '83ea1088f12215db35914bd96d6ee9c6') in 0.014457 seconds 
  Import took 0.018805 seconds .

========================================================================
Received Import Request.
  Time since last request: 0.000359 seconds.
  path: Assets/Assets/Palettes/apartment1_red_30.asset
  artifactKey: Guid(2f3aa5461ca3a0a4fbc6d0b9b1c039ee) Importer(815301076,1909f56bfc062723c751e8b465ee728b)
Start importing Assets/Assets/Palettes/apartment1_red_30.asset using Guid(2f3aa5461ca3a0a4fbc6d0b9b1c039ee) Importer(815301076,1909f56bfc062723c751e8b465ee728b)  -> (artifact id: 'b2a1480e6d5b76f5d60293328b6e4d58') in 0.013084 seconds 
  Import took 0.017844 seconds .

========================================================================
Received Import Request.
  Time since last request: 0.000337 seconds.
  path: Assets/Assets/Palettes/apartment1_red_9.asset
  artifactKey: Guid(d7f316da0f096394eadb22ce792d81cd) Importer(815301076,1909f56bfc062723c751e8b465ee728b)
Start importing Assets/Assets/Palettes/apartment1_red_9.asset using Guid(d7f316da0f096394eadb22ce792d81cd) Importer(815301076,1909f56bfc062723c751e8b465ee728b)  -> (artifact id: 'bf6596d503659ea2a008ab5a567f0e2e') in 0.016441 seconds 
  Import took 0.021532 seconds .

========================================================================
Received Import Request.
  Time since last request: 0.000286 seconds.
  path: Assets/Assets/Palettes/apartment1_red_14.asset
  artifactKey: Guid(4f9125a3e298090448ec138e7e2495b8) Importer(815301076,1909f56bfc062723c751e8b465ee728b)
Start importing Assets/Assets/Palettes/apartment1_red_14.asset using Guid(4f9125a3e298090448ec138e7e2495b8) Importer(815301076,1909f56bfc062723c751e8b465ee728b)  -> (artifact id: '9e36df7a72accf9423ec301819c00260') in 0.013220 seconds 
  Import took 0.017927 seconds .

========================================================================
Received Import Request.
  Time since last request: 0.000253 seconds.
  path: Assets/Assets/Palettes/apartment1_red_38.asset
  artifactKey: Guid(d65dcd78cf53bb44f9305cd07f247222) Importer(815301076,1909f56bfc062723c751e8b465ee728b)
Start importing Assets/Assets/Palettes/apartment1_red_38.asset using Guid(d65dcd78cf53bb44f9305cd07f247222) Importer(815301076,1909f56bfc062723c751e8b465ee728b)  -> (artifact id: '4f9b4feb97af32c16418618d67d7d80f') in 0.012128 seconds 
  Import took 0.015603 seconds .

========================================================================
Received Import Request.
  Time since last request: 0.000253 seconds.
  path: Assets/Assets/Palettes/apartment1_red_21.asset
  artifactKey: Guid(fc22b4aec8976a04a9bbdb6e0f9dc9de) Importer(815301076,1909f56bfc062723c751e8b465ee728b)
Start importing Assets/Assets/Palettes/apartment1_red_21.asset using Guid(fc22b4aec8976a04a9bbdb6e0f9dc9de) Importer(815301076,1909f56bfc062723c751e8b465ee728b)  -> (artifact id: '07e90ac16bb06df2a30b300483f9157d') in 0.010127 seconds 
  Import took 0.013825 seconds .

========================================================================
Received Import Request.
  Time since last request: 0.000270 seconds.
  path: Assets/Assets/Palettes/apartment1_red_2.asset
  artifactKey: Guid(ea742f9f7a2ac6e44918de25216a34c4) Importer(815301076,1909f56bfc062723c751e8b465ee728b)
Start importing Assets/Assets/Palettes/apartment1_red_2.asset using Guid(ea742f9f7a2ac6e44918de25216a34c4) Importer(815301076,1909f56bfc062723c751e8b465ee728b)  -> (artifact id: '803b9b5c8f808dac47d21fbc861c5755') in 0.012674 seconds 
  Import took 0.016782 seconds .

========================================================================
Received Import Request.
  Time since last request: 0.000378 seconds.
  path: Assets/Assets/Palettes/apartment1_red_19.asset
  artifactKey: Guid(db39f13ae81b8704797474fcfb8aa191) Importer(815301076,1909f56bfc062723c751e8b465ee728b)
Start importing Assets/Assets/Palettes/apartment1_red_19.asset using Guid(db39f13ae81b8704797474fcfb8aa191) Importer(815301076,1909f56bfc062723c751e8b465ee728b)  -> (artifact id: '44a21aa8047a55d9491b2e078f54ce2f') in 0.013247 seconds 
  Import took 0.018936 seconds .

========================================================================
Received Import Request.
  Time since last request: 0.000431 seconds.
  path: Assets/Assets/Palettes/apartment1_red_43.asset
  artifactKey: Guid(c1132062c30909b4b9b89daf13b39a9a) Importer(815301076,1909f56bfc062723c751e8b465ee728b)
Start importing Assets/Assets/Palettes/apartment1_red_43.asset using Guid(c1132062c30909b4b9b89daf13b39a9a) Importer(815301076,1909f56bfc062723c751e8b465ee728b)  -> (artifact id: '1d786d77588c5e5794ab5f31402854dc') in 0.013310 seconds 
  Import took 0.017927 seconds .

========================================================================
Received Import Request.
  Time since last request: 0.000193 seconds.
  path: Assets/Assets/Palettes/apartment1_red_15.asset
  artifactKey: Guid(f63c4afc909a81c40b30145d3bbccf71) Importer(815301076,1909f56bfc062723c751e8b465ee728b)
Start importing Assets/Assets/Palettes/apartment1_red_15.asset using Guid(f63c4afc909a81c40b30145d3bbccf71) Importer(815301076,1909f56bfc062723c751e8b465ee728b)  -> (artifact id: '27de0d6bd673f452cb924478f93c008d') in 0.011385 seconds 
  Import took 0.014757 seconds .

========================================================================
Received Import Request.
  Time since last request: 0.000239 seconds.
  path: Assets/Assets/Palettes/apartment1_red_40.asset
  artifactKey: Guid(ac4b8fd031162d6458ef160f36b952e4) Importer(815301076,1909f56bfc062723c751e8b465ee728b)
Start importing Assets/Assets/Palettes/apartment1_red_40.asset using Guid(ac4b8fd031162d6458ef160f36b952e4) Importer(815301076,1909f56bfc062723c751e8b465ee728b)  -> (artifact id: '94c7211cb836fec9f3c106e059b9a5be') in 0.010104 seconds 
  Import took 0.013463 seconds .

========================================================================
Received Import Request.
  Time since last request: 0.000217 seconds.
  path: Assets/Assets/Palettes/apartment1_red_47.asset
  artifactKey: Guid(3d5ccd907f9ff994e8331b847888296a) Importer(815301076,1909f56bfc062723c751e8b465ee728b)
Start importing Assets/Assets/Palettes/apartment1_red_47.asset using Guid(3d5ccd907f9ff994e8331b847888296a) Importer(815301076,1909f56bfc062723c751e8b465ee728b)  -> (artifact id: '7b9c66b841577626691681fde732b3ab') in 0.010800 seconds 
  Import took 0.013955 seconds .

========================================================================
Received Import Request.
  Time since last request: 0.000243 seconds.
  path: Assets/Assets/Palettes/apartment1_red_33.asset
  artifactKey: Guid(2f10bf77e1c2f0a4aa8d191c2f6a75fd) Importer(815301076,1909f56bfc062723c751e8b465ee728b)
Start importing Assets/Assets/Palettes/apartment1_red_33.asset using Guid(2f10bf77e1c2f0a4aa8d191c2f6a75fd) Importer(815301076,1909f56bfc062723c751e8b465ee728b)  -> (artifact id: '66bc6e87eec8a2349609a338dae311f7') in 0.014007 seconds 
  Import took 0.018253 seconds .

========================================================================
Received Import Request.
  Time since last request: 0.000318 seconds.
  path: Assets/Assets/Palettes/apartment1_red_42.asset
  artifactKey: Guid(f9271e89944e323488f9454d8fc1621b) Importer(815301076,1909f56bfc062723c751e8b465ee728b)
Start importing Assets/Assets/Palettes/apartment1_red_42.asset using Guid(f9271e89944e323488f9454d8fc1621b) Importer(815301076,1909f56bfc062723c751e8b465ee728b)  -> (artifact id: 'd90a2a07e0015241581a0a277594163e') in 0.018771 seconds 
  Import took 0.025541 seconds .

========================================================================
Received Import Request.
  Time since last request: 0.000336 seconds.
  path: Assets/Assets/Palettes/apartment1_red_10.asset
  artifactKey: Guid(1518df033fc9701438e770cd9d30ba5e) Importer(815301076,1909f56bfc062723c751e8b465ee728b)
Start importing Assets/Assets/Palettes/apartment1_red_10.asset using Guid(1518df033fc9701438e770cd9d30ba5e) Importer(815301076,1909f56bfc062723c751e8b465ee728b)  -> (artifact id: '7cc042674dafef7298bc299be4d5516c') in 0.015221 seconds 
  Import took 0.021529 seconds .

========================================================================
Received Import Request.
  Time since last request: 0.000270 seconds.
  path: Assets/Assets/Palettes/apartment1_red_29.asset
  artifactKey: Guid(8c3697aea371c09409241a188bff896c) Importer(815301076,1909f56bfc062723c751e8b465ee728b)
Start importing Assets/Assets/Palettes/apartment1_red_29.asset using Guid(8c3697aea371c09409241a188bff896c) Importer(815301076,1909f56bfc062723c751e8b465ee728b)  -> (artifact id: '4a32905a4c14468c9a02ed1905b33d73') in 0.012764 seconds 
  Import took 0.016224 seconds .

========================================================================
Received Import Request.
  Time since last request: 0.000283 seconds.
  path: Assets/Assets/Palettes/apartment1_red_46.asset
  artifactKey: Guid(6d9271758e925ef46b7f00da2915764c) Importer(815301076,1909f56bfc062723c751e8b465ee728b)
Start importing Assets/Assets/Palettes/apartment1_red_46.asset using Guid(6d9271758e925ef46b7f00da2915764c) Importer(815301076,1909f56bfc062723c751e8b465ee728b)  -> (artifact id: '9b503b649f9fa1b26ed11245a44fa4bb') in 0.014612 seconds 
  Import took 0.018136 seconds .

========================================================================
Received Import Request.
  Time since last request: 0.000339 seconds.
  path: Assets/Assets/Palettes/apartment1_red_4.asset
  artifactKey: Guid(b9e97c0bac0abf44f982f16dddfda7f0) Importer(815301076,1909f56bfc062723c751e8b465ee728b)
Start importing Assets/Assets/Palettes/apartment1_red_4.asset using Guid(b9e97c0bac0abf44f982f16dddfda7f0) Importer(815301076,1909f56bfc062723c751e8b465ee728b)  -> (artifact id: '214f490d24a9c04f31b25099fd34fe4e') in 0.012421 seconds 
  Import took 0.016331 seconds .

========================================================================
Received Import Request.
  Time since last request: 0.000210 seconds.
  path: Assets/Assets/Palettes/apartment1_red_27.asset
  artifactKey: Guid(9ecd2373b37999c42bb85a6d2cb67b55) Importer(815301076,1909f56bfc062723c751e8b465ee728b)
Start importing Assets/Assets/Palettes/apartment1_red_27.asset using Guid(9ecd2373b37999c42bb85a6d2cb67b55) Importer(815301076,1909f56bfc062723c751e8b465ee728b)  -> (artifact id: '549634891e118d038cd3e38b78b6bd58') in 0.009190 seconds 
  Import took 0.013216 seconds .

========================================================================
Received Import Request.
  Time since last request: 0.000271 seconds.
  path: Assets/Assets/Palettes/apartment1_red_6.asset
  artifactKey: Guid(fad949d7025bc454bb7055fa5bf6e408) Importer(815301076,1909f56bfc062723c751e8b465ee728b)
Start importing Assets/Assets/Palettes/apartment1_red_6.asset using Guid(fad949d7025bc454bb7055fa5bf6e408) Importer(815301076,1909f56bfc062723c751e8b465ee728b)  -> (artifact id: '33bc71236583cd4b59d50aaa7ae5a91f') in 0.012080 seconds 
  Import took 0.017670 seconds .

========================================================================
Received Import Request.
  Time since last request: 0.000383 seconds.
  path: Assets/Assets/Palettes/apartment1_red_16.asset
  artifactKey: Guid(a8538536ef5668a4c95d19547d11c7b1) Importer(815301076,1909f56bfc062723c751e8b465ee728b)
Start importing Assets/Assets/Palettes/apartment1_red_16.asset using Guid(a8538536ef5668a4c95d19547d11c7b1) Importer(815301076,1909f56bfc062723c751e8b465ee728b)  -> (artifact id: '2b090127a329fef3a5bfcf70d8a7a04b') in 0.011234 seconds 
  Import took 0.016101 seconds .

========================================================================
Received Import Request.
  Time since last request: 0.000208 seconds.
  path: Assets/Assets/Palettes/apartment1_red_34.asset
  artifactKey: Guid(3e3536eb4fedf4c4f86fbed367e40f42) Importer(815301076,1909f56bfc062723c751e8b465ee728b)
Start importing Assets/Assets/Palettes/apartment1_red_34.asset using Guid(3e3536eb4fedf4c4f86fbed367e40f42) Importer(815301076,1909f56bfc062723c751e8b465ee728b)  -> (artifact id: 'a2894a722aa33d2a4823ea0002e5ed4b') in 0.008659 seconds 
  Import took 0.012736 seconds .

========================================================================
Received Import Request.
  Time since last request: 0.000209 seconds.
  path: Assets/Assets/Palettes/apartment1_red_35.asset
  artifactKey: Guid(4d77d973331c36a4a977520815f30a04) Importer(815301076,1909f56bfc062723c751e8b465ee728b)
Start importing Assets/Assets/Palettes/apartment1_red_35.asset using Guid(4d77d973331c36a4a977520815f30a04) Importer(815301076,1909f56bfc062723c751e8b465ee728b)  -> (artifact id: '85ea4ba0e4c697e3bea7bf83cdecef47') in 0.018263 seconds 
  Import took 0.022942 seconds .

========================================================================
Received Import Request.
  Time since last request: 0.000351 seconds.
  path: Assets/Assets/Palettes/apartment1_red_28.asset
  artifactKey: Guid(ee83fa6c225c1674c979040a1a6fcc06) Importer(815301076,1909f56bfc062723c751e8b465ee728b)
Start importing Assets/Assets/Palettes/apartment1_red_28.asset using Guid(ee83fa6c225c1674c979040a1a6fcc06) Importer(815301076,1909f56bfc062723c751e8b465ee728b)  -> (artifact id: '7f7d929c99252bcb69deb7561c88b20d') in 0.011065 seconds 
  Import took 0.015099 seconds .

========================================================================
Received Import Request.
  Time since last request: 6.428396 seconds.
  path: Assets/Assets/Prefabs/enemyDeathFX.prefab
  artifactKey: Guid(115b68c7889b72f4abd3f9026a7146ef) Importer(815301076,1909f56bfc062723c751e8b465ee728b)
Start importing Assets/Assets/Prefabs/enemyDeathFX.prefab using Guid(115b68c7889b72f4abd3f9026a7146ef) Importer(815301076,1909f56bfc062723c751e8b465ee728b)  -> (artifact id: '27948da52ff73e9c39db8d8b41e28949') in 0.280595 seconds 
  Import took 0.286855 seconds .

========================================================================
Received Import Request.
  Time since last request: 0.000228 seconds.
  path: Assets/Assets/Prefabs/playerOne.prefab
  artifactKey: Guid(98806aa64a075db4788ed32d2a26e281) Importer(815301076,1909f56bfc062723c751e8b465ee728b)
Start importing Assets/Assets/Prefabs/playerOne.prefab using Guid(98806aa64a075db4788ed32d2a26e281) Importer(815301076,1909f56bfc062723c751e8b465ee728b)  -> (artifact id: 'e06a0d4ca66f50b2e0fcebedb8346939') in 0.029995 seconds 
  Import took 0.032979 seconds .

========================================================================
Received Import Request.
  Time since last request: 0.000216 seconds.
  path: Assets/Assets/Prefabs/playerTwo.prefab
  artifactKey: Guid(acebd6e57ffd0e244872b6c484776759) Importer(815301076,1909f56bfc062723c751e8b465ee728b)
Start importing Assets/Assets/Prefabs/playerTwo.prefab using Guid(acebd6e57ffd0e244872b6c484776759) Importer(815301076,1909f56bfc062723c751e8b465ee728b)  -> (artifact id: 'd6524cd8bf9ea7dbfc45943ca7b4ba23') in 0.011724 seconds 
  Import took 0.014799 seconds .

========================================================================
Received Import Request.
  Time since last request: 0.000187 seconds.
  path: Assets/Assets/Prefabs/player.prefab
  artifactKey: Guid(b221d12b33dccdd41b70e540986b7b4a) Importer(815301076,1909f56bfc062723c751e8b465ee728b)
Start importing Assets/Assets/Prefabs/player.prefab using Guid(b221d12b33dccdd41b70e540986b7b4a) Importer(815301076,1909f56bfc062723c751e8b465ee728b)  -> (artifact id: '80167555e61cef8c9d2ef7ee32429708') in 0.010814 seconds 
  Import took 0.013864 seconds .

========================================================================
Received Import Request.
  Time since last request: 0.000220 seconds.
  path: Assets/Assets/Prefabs/fork.prefab
  artifactKey: Guid(b92589011c64d354e97aa9d2c645e0e0) Importer(815301076,1909f56bfc062723c751e8b465ee728b)
Start importing Assets/Assets/Prefabs/fork.prefab using Guid(b92589011c64d354e97aa9d2c645e0e0) Importer(815301076,1909f56bfc062723c751e8b465ee728b)  -> (artifact id: 'db3b578abe996245c4feb7ce5d0af678') in 0.010055 seconds 
  Import took 0.013275 seconds .

========================================================================
Received Prepare
Registering precompiled user dll's ...
Registered in 0.008993 seconds.
Begin MonoManager ReloadAssembly
Native extension for OSXStandalone target not found
Native extension for WebGL target not found
Refreshing native plugins compatible for Editor in 0.49 ms, found 2 plugins.
Preloading 0 native plugins for Editor in 0.00 ms.
2022-03-24 11:54:38.490 Unity[90947:4217068] NSEventModifierFlagFunction specified to -setKeyEquivalentModifierMask: for item <NSMenuItem: 0x6000019a0bd0 Font Asset, ke='Command-F12'>, but is only supported for system-provided menu items; will not be used
Mono: successfully reloaded assembly
- Completed reload, in  1.275 seconds
Domain Reload Profiling:
	ReloadAssembly (1277ms)
		BeginReloadAssembly (177ms)
			ExecutionOrderSort (0ms)
			DisableScriptedObjects (11ms)
			BackupInstance (0ms)
			ReleaseScriptingObjects (0ms)
			CreateAndSetChildDomain (90ms)
		EndReloadAssembly (1032ms)
			LoadAssemblies (107ms)
			RebuildTransferFunctionScriptingTraits (0ms)
			SetupTypeCache (369ms)
			ReleaseScriptCaches (1ms)
			RebuildScriptCaches (48ms)
			SetupLoadedEditorAssemblies (370ms)
				LogAssemblyErrors (0ms)
				InitializePlatformSupportModulesInManaged (4ms)
				SetLoadedEditorAssemblies (1ms)
				RefreshPlugins (1ms)
				BeforeProcessingInitializeOnLoad (95ms)
				ProcessInitializeOnLoadAttributes (254ms)
				ProcessInitializeOnLoadMethodAttributes (14ms)
				AfterProcessingInitializeOnLoad (1ms)
				EditorAssembliesLoaded (0ms)
			ExecutionOrderSort2 (0ms)
			AwakeInstancesAfterBackupRestoration (8ms)
Platform modules already initialized, skipping
Refreshing native plugins compatible for Editor in 0.57 ms, found 2 plugins.
Preloading 0 native plugins for Editor in 0.00 ms.
Unloading 2070 Unused Serialized files (Serialized files now loaded: 0)
System memory in use before: 236.1 MB.
System memory in use after: 236.2 MB.

Unloading 22 unused Assets to reduce memory usage. Loaded Objects now: 2587.
Total: 2.850173 ms (FindLiveObjects: 0.173248 ms CreateObjectMapping: 0.063052 ms MarkObjects: 2.534810 ms  DeleteObjects: 0.078326 ms)

AssetImportParameters requested are different than current active one (requested -> active):
  custom:video-decoder-ogg-theora: a1e56fd34408186e4bbccfd4996cb3dc -> 
  custom:container-muxer-webm: aa71ff27fc2769a1b78a27578f13a17b -> 
  custom:container-demuxer-webm: 4f35f7cbe854078d1ac9338744f61a02 -> 
  custom:container-demuxer-ogg: 62fdf1f143b41e24485cea50d1cbac27 -> 
  custom:video-encoder-webm-vp8: eb34c28f22e8b96e1ab97ce403110664 -> 
  custom:framework-osx-AVFoundation: e770b220cccbd017edd2c1fefb359320 -> 
  custom:video-decoder-webm-vp8: 9c59270c3fd7afecdb556c50c9e8de78 -> 
  custom:audio-decoder-ogg-vorbis: bf7c407c2cedff20999df2af8eb42d56 -> 
  custom:audio-encoder-webm-vorbis: bf7c407c2cedff20999df2af8eb42d56 -> 
AssetImportWorkerClient::OnTransportError - code=2 error=End of file
