Unity Editor version:    2020.3.26f1 (7298b473bc1a)
Branch:                  2020.3/staging
Build type:              Release
Batch mode:              YES
macOS version:           Version 12.0.1 (Build 21A559)
Darwin version:          21.1.0
Architecture:            x86_64
Running under Rosetta:   NO
Available memory:        16384 MB
Using pre-set license
Pro License: NO

COMMAND LINE ARGUMENTS:
/Applications/Unity/Hub/Editor/2020.3.26f1/Unity.app/Contents/MacOS/Unity
-adb2
-batchMode
-noUpm
-name
AssetImportWorker0
-projectPath
/Users/chrisfu/Documents/GitHub/Project-Conflict
-logFile
Logs/AssetImportWorker0.log
-srvPort
57360
Successfully changed project path to: /Users/chrisfu/Documents/GitHub/Project-Conflict
/Users/chrisfu/Documents/GitHub/Project-Conflict
Using Asset Import Pipeline V2.
Refreshing native plugins compatible for Editor in 45.41 ms, found 2 plugins.
Preloading 0 native plugins for Editor in 0.00 ms.
Initialize engine version: 2020.3.26f1 (7298b473bc1a)
[Subsystems] Discovering subsystems at path /Applications/Unity/Hub/Editor/2020.3.26f1/Unity.app/Contents/Resources/UnitySubsystems
[Subsystems] Discovering subsystems at path /Users/chrisfu/Documents/GitHub/Project-Conflict/Assets
GfxDevice: creating device client; threaded=0
2022-03-23 20:26:08.949 Unity[89786:4174672] Color LCD preferred device: Intel(R) UHD Graphics 630 (low power)
2022-03-23 20:26:08.950 Unity[89786:4174672] Metal devices available: 2
2022-03-23 20:26:08.950 Unity[89786:4174672] 0: AMD Radeon Pro 5500M (high power)
2022-03-23 20:26:08.950 Unity[89786:4174672] 1: Intel(R) UHD Graphics 630 (low power)
2022-03-23 20:26:08.950 Unity[89786:4174672] Using device AMD Radeon Pro 5500M (high power)
Initializing Metal device caps: AMD Radeon Pro 5500M
Initialize mono
Mono path[0] = '/Applications/Unity/Hub/Editor/2020.3.26f1/Unity.app/Contents/Managed'
Mono path[1] = '/Applications/Unity/Hub/Editor/2020.3.26f1/Unity.app/Contents/MonoBleedingEdge/lib/mono/unityjit'
Mono config path = '/Applications/Unity/Hub/Editor/2020.3.26f1/Unity.app/Contents/MonoBleedingEdge/etc'
Using monoOptions --debugger-agent=transport=dt_socket,embedding=1,server=y,suspend=n,address=127.0.0.1:56786
Begin MonoManager ReloadAssembly
Registering precompiled unity dll's ...
Register platform support module: /Applications/Unity/Hub/Editor/2020.3.26f1/PlaybackEngines/WebGLSupport/UnityEditor.WebGL.Extensions.dll
Register platform support module: /Applications/Unity/Hub/Editor/2020.3.26f1/Unity.app/Contents/PlaybackEngines/MacStandaloneSupport/UnityEditor.OSXStandalone.Extensions.dll
Registered in 0.000627 seconds.
Native extension for OSXStandalone target not found
Native extension for WebGL target not found
Refreshing native plugins compatible for Editor in 43.65 ms, found 2 plugins.
Preloading 0 native plugins for Editor in 0.00 ms.
Mono: successfully reloaded assembly
- Completed reload, in  0.626 seconds
Domain Reload Profiling:
	ReloadAssembly (626ms)
		BeginReloadAssembly (42ms)
			ExecutionOrderSort (0ms)
			DisableScriptedObjects (0ms)
			BackupInstance (0ms)
			ReleaseScriptingObjects (0ms)
			CreateAndSetChildDomain (1ms)
		EndReloadAssembly (511ms)
			LoadAssemblies (41ms)
			RebuildTransferFunctionScriptingTraits (0ms)
			SetupTypeCache (179ms)
			ReleaseScriptCaches (0ms)
			RebuildScriptCaches (45ms)
			SetupLoadedEditorAssemblies (201ms)
				LogAssemblyErrors (0ms)
				InitializePlatformSupportModulesInManaged (6ms)
				SetLoadedEditorAssemblies (0ms)
				RefreshPlugins (44ms)
				BeforeProcessingInitializeOnLoad (8ms)
				ProcessInitializeOnLoadAttributes (112ms)
				ProcessInitializeOnLoadMethodAttributes (30ms)
				AfterProcessingInitializeOnLoad (0ms)
				EditorAssembliesLoaded (0ms)
			ExecutionOrderSort2 (0ms)
			AwakeInstancesAfterBackupRestoration (0ms)
Platform modules already initialized, skipping
Registering precompiled user dll's ...
Registered in 0.002986 seconds.
Begin MonoManager ReloadAssembly
Native extension for OSXStandalone target not found
Native extension for WebGL target not found
Refreshing native plugins compatible for Editor in 43.90 ms, found 2 plugins.
Preloading 0 native plugins for Editor in 0.00 ms.
Mono: successfully reloaded assembly
- Completed reload, in  1.219 seconds
Domain Reload Profiling:
	ReloadAssembly (1220ms)
		BeginReloadAssembly (144ms)
			ExecutionOrderSort (0ms)
			DisableScriptedObjects (4ms)
			BackupInstance (0ms)
			ReleaseScriptingObjects (0ms)
			CreateAndSetChildDomain (25ms)
		EndReloadAssembly (1018ms)
			LoadAssemblies (70ms)
			RebuildTransferFunctionScriptingTraits (0ms)
			SetupTypeCache (346ms)
			ReleaseScriptCaches (0ms)
			RebuildScriptCaches (55ms)
			SetupLoadedEditorAssemblies (415ms)
				LogAssemblyErrors (0ms)
				InitializePlatformSupportModulesInManaged (4ms)
				SetLoadedEditorAssemblies (0ms)
				RefreshPlugins (44ms)
				BeforeProcessingInitializeOnLoad (58ms)
				ProcessInitializeOnLoadAttributes (289ms)
				ProcessInitializeOnLoadMethodAttributes (18ms)
				AfterProcessingInitializeOnLoad (2ms)
				EditorAssembliesLoaded (0ms)
			ExecutionOrderSort2 (0ms)
			AwakeInstancesAfterBackupRestoration (8ms)
Platform modules already initialized, skipping
Validating Project structure ... 0.006236 seconds.
Shader import version has changed; will reimport all shaders...
Upgrading shader files ...0.020135 seconds.
Application.AssetDatabase Initial Script Refresh Start
RefreshInfo: InitialScriptRefreshV2(NoUpdateAssetOptions) scanfilter:  ... 1 filters
RefreshProfiler: Total: 0.000ms
Application.AssetDatabase Initial Script Refresh End
Application.AssetDatabase.Refresh Start
Application.AssetDatabase.Refresh End
RefreshInfo: StopAssetImportingV2(ForceSynchronousImport) scanfilter: 
RefreshProfiler: Total: 0.000ms
Launching external process: /Applications/Unity/Hub/Editor/2020.3.26f1/Unity.app/Contents/Tools/UnityShaderCompiler
Launched and connected shader compiler UnityShaderCompiler after 0.02 seconds
Initializing Unity extensions:
2022-03-23 20:26:12.158 Unity[89786:4174672] NSEventModifierFlagFunction specified to -setKeyEquivalentModifierMask: for item <NSMenuItem: 0x6000000ec770 Font Asset, ke='Command-F12'>, but is only supported for system-provided menu items; will not be used
2022-03-23 20:26:12.162 Unity[89786:4174672] NSEventModifierFlagFunction specified to -setKeyEquivalentModifierMask: for item <NSMenuItem: 0x60000001f5d0 Font Asset, ke='Command-F12'>, but is only supported for system-provided menu items; will not be used
========================================================================
Worker process is ready to serve import requests
Refreshing native plugins compatible for Editor in 0.48 ms, found 2 plugins.
Preloading 0 native plugins for Editor in 0.00 ms.
Unloading 1956 Unused Serialized files (Serialized files now loaded: 0)
System memory in use before: 214.7 MB.
System memory in use after: 213.9 MB.

Unloading 116 unused Assets to reduce memory usage. Loaded Objects now: 2430.
Total: 3.628002 ms (FindLiveObjects: 0.158935 ms CreateObjectMapping: 0.072631 ms MarkObjects: 2.913099 ms  DeleteObjects: 0.482564 ms)

AssetImportParameters requested are different than current active one (requested -> active):
  custom:video-decoder-ogg-theora: a1e56fd34408186e4bbccfd4996cb3dc -> 
  custom:container-muxer-webm: aa71ff27fc2769a1b78a27578f13a17b -> 
  custom:container-demuxer-webm: 4f35f7cbe854078d1ac9338744f61a02 -> 
  custom:container-demuxer-ogg: 62fdf1f143b41e24485cea50d1cbac27 -> 
  custom:video-encoder-webm-vp8: eb34c28f22e8b96e1ab97ce403110664 -> 
  custom:framework-osx-AVFoundation: e770b220cccbd017edd2c1fefb359320 -> 
  custom:video-decoder-webm-vp8: 9c59270c3fd7afecdb556c50c9e8de78 -> 
  custom:audio-decoder-ogg-vorbis: bf7c407c2cedff20999df2af8eb42d56 -> 
  custom:audio-encoder-webm-vorbis: bf7c407c2cedff20999df2af8eb42d56 -> 
========================================================================
Received Import Request.
  path: Assets/Assets/Music
  artifactKey: Guid(0fc813a9ad0f910428817bb4e539c40b) Importer(815301076,1909f56bfc062723c751e8b465ee728b)
Start importing Assets/Assets/Music using Guid(0fc813a9ad0f910428817bb4e539c40b) Importer(815301076,1909f56bfc062723c751e8b465ee728b)  -> (artifact id: '072d90b69478c020a0816da901bc9b60') in 0.003353 seconds 
  Import took 0.005609 seconds .

========================================================================
Received Import Request.
  Time since last request: 21.156047 seconds.
  path: Assets/Assets/Music/cityhub.wav
  artifactKey: Guid(5e76db22389164346bbac34decd80318) Importer(815301076,1909f56bfc062723c751e8b465ee728b)
Start importing Assets/Assets/Music/cityhub.wav using Guid(5e76db22389164346bbac34decd80318) Importer(815301076,1909f56bfc062723c751e8b465ee728b)  -> (artifact id: '2cb427c7517a45c4b34cd6d9297764fb') in 1.401730 seconds 
  Import took 1.407774 seconds .

========================================================================
Received Import Request.
  Time since last request: 172.745183 seconds.
  path: Assets/Project Conflict.inputactions
  artifactKey: Guid(4f74a5501e3e71b46a25e168adb5e2e7) Importer(815301076,1909f56bfc062723c751e8b465ee728b)
Start importing Assets/Project Conflict.inputactions using Guid(4f74a5501e3e71b46a25e168adb5e2e7) Importer(815301076,1909f56bfc062723c751e8b465ee728b)  -> (artifact id: 'c957b22db0293805b1de739f873dc0a4') in 0.711132 seconds 
  Import took 0.715681 seconds .

========================================================================
Received Import Request.
  Time since last request: 0.000220 seconds.
  path: Assets/square.png
  artifactKey: Guid(c77b077a8f373488982753909b02c14b) Importer(815301076,1909f56bfc062723c751e8b465ee728b)
Start importing Assets/square.png using Guid(c77b077a8f373488982753909b02c14b) Importer(815301076,1909f56bfc062723c751e8b465ee728b)  -> (artifact id: 'e31ef46a54b96c9b022a397b1be72d08') in 0.667197 seconds 
  Import took 0.672035 seconds .

========================================================================
Received Import Request.
  Time since last request: 127.209822 seconds.
  path: Assets/Scenes/ChrisScene.unity
  artifactKey: Guid(045ea7de7571745d4b6ef833e75426fb) Importer(815301076,1909f56bfc062723c751e8b465ee728b)
Start importing Assets/Scenes/ChrisScene.unity using Guid(045ea7de7571745d4b6ef833e75426fb) Importer(815301076,1909f56bfc062723c751e8b465ee728b)  -> (artifact id: '19634a29fd4108a64c2c7b6c8c17baa0') in 0.001440 seconds 
  Import took 0.003837 seconds .

========================================================================
Received Import Request.
  Time since last request: 13.071837 seconds.
  path: Assets/Prefabs/PlayerConfiguration.prefab
  artifactKey: Guid(0cdcf3013c5212a44b84919a66f1b4c6) Importer(815301076,1909f56bfc062723c751e8b465ee728b)
Start importing Assets/Prefabs/PlayerConfiguration.prefab using Guid(0cdcf3013c5212a44b84919a66f1b4c6) Importer(815301076,1909f56bfc062723c751e8b465ee728b)  -> (artifact id: '06cacb663fb9284f7e3357ae74db1a9e') in 0.086229 seconds 
  Import took 0.092096 seconds .

========================================================================
Received Import Request.
  Time since last request: 0.000250 seconds.
  path: Assets/Prefabs/weapon.prefab
  artifactKey: Guid(7e5fb367644798c41aa3673dc565f438) Importer(815301076,1909f56bfc062723c751e8b465ee728b)
Start importing Assets/Prefabs/weapon.prefab using Guid(7e5fb367644798c41aa3673dc565f438) Importer(815301076,1909f56bfc062723c751e8b465ee728b)  -> (artifact id: '7bbe7e31a720e5d0c9535b9cb27eae2a') in 0.054244 seconds 
  Import took 0.056826 seconds .

========================================================================
Received Import Request.
  Time since last request: 0.000181 seconds.
  path: Assets/Prefabs/PlayerConfigurationManager.prefab
  artifactKey: Guid(f7719ea68f92def46a8c92eaa9a7e853) Importer(815301076,1909f56bfc062723c751e8b465ee728b)
Start importing Assets/Prefabs/PlayerConfigurationManager.prefab using Guid(f7719ea68f92def46a8c92eaa9a7e853) Importer(815301076,1909f56bfc062723c751e8b465ee728b)  -> (artifact id: 'e35a4524b2d16af04859bc90009ef524') in 0.011110 seconds 
  Import took 0.013532 seconds .

========================================================================
Received Import Request.
  Time since last request: 0.000195 seconds.
  path: Assets/Prefabs/Split Screen Camera.prefab
  artifactKey: Guid(5a2fd26dcb6f9264f90a7117a1aa47a5) Importer(815301076,1909f56bfc062723c751e8b465ee728b)
Start importing Assets/Prefabs/Split Screen Camera.prefab using Guid(5a2fd26dcb6f9264f90a7117a1aa47a5) Importer(815301076,1909f56bfc062723c751e8b465ee728b)  -> (artifact id: '7747497d6b8c6d73d8316b28d3c9a83c') in 0.010687 seconds 
  Import took 0.013114 seconds .

========================================================================
Received Import Request.
  Time since last request: 0.000203 seconds.
  path: Assets/Prefabs/PlayerTemp.prefab
  artifactKey: Guid(578592e729bcfc940a44551233eb4060) Importer(815301076,1909f56bfc062723c751e8b465ee728b)
Start importing Assets/Prefabs/PlayerTemp.prefab using Guid(578592e729bcfc940a44551233eb4060) Importer(815301076,1909f56bfc062723c751e8b465ee728b)  -> (artifact id: 'cc8cc2bcd418a0516564d5ca87aebd0a') in 0.010403 seconds 
  Import took 0.012887 seconds .

AssetImportWorkerClient::OnTransportError - code=2 error=End of file
